<?xml version="1.0" encoding="UTF-8"?>
<!-- Generated by org.testng.reporters.JUnitXMLReporter -->
<testsuite ignored="0" hostname="IT1806010" failures="5" tests="21" name="DBbank" time="679.242" errors="0" timestamp="2024-01-18T12:54:31 IST">
  <testcase classname="io.cucumber.testng.AbstractTestNGCucumberTests" name="runScenario" time="38.926"/>
  <testcase classname="io.cucumber.testng.AbstractTestNGCucumberTests" name="runScenario" time="31.291">
    <skipped/>
  </testcase> <!-- runScenario -->
  <testcase classname="io.cucumber.testng.AbstractTestNGCucumberTests" name="runScenario" time="34.763">
    <skipped/>
  </testcase> <!-- runScenario -->
  <testcase classname="io.cucumber.testng.AbstractTestNGCucumberTests" name="runScenario" time="38.064">
    <skipped/>
  </testcase> <!-- runScenario -->
  <testcase classname="io.cucumber.testng.AbstractTestNGCucumberTests" name="runScenario" time="33.846">
    <failure type="java.lang.AssertionError" message="expected [View Savings Accounts] but found [Internal Transfer]">
      <![CDATA[java.lang.AssertionError: expected [View Savings Accounts] but found [Internal Transfer]
at stepdef.TranferPage.amount_succesfully_transfer(TranferPage.java:68)
at ✽.amount succesfully transfer(file:///C:/Users/KIIT/eclipse-workspace/RLLDBbank/src/test/java/feature/transfer.feature:11)
... Removed 6 stack frames]]>
    </failure>
  </testcase> <!-- runScenario -->
  <testcase classname="io.cucumber.testng.AbstractTestNGCucumberTests" name="runScenario" time="37.724">
    <skipped/>
  </testcase> <!-- runScenario -->
  <testcase classname="io.cucumber.testng.AbstractTestNGCucumberTests" name="runScenario" time="29.484">
    <skipped/>
  </testcase> <!-- runScenario -->
  <testcase classname="io.cucumber.testng.AbstractTestNGCucumberTests" name="runScenario" time="46.114">
    <skipped/>
  </testcase> <!-- runScenario -->
  <testcase classname="io.cucumber.testng.AbstractTestNGCucumberTests" name="runScenario" time="31.148">
    <failure type="java.lang.AssertionError" message="expected [View Savings Accounts] but found [Internal Transfer]">
      <![CDATA[java.lang.AssertionError: expected [View Savings Accounts] but found [Internal Transfer]
at stepdef.TranferPage.amount_succesfully_transfer(TranferPage.java:68)
at ✽.amount succesfully transfer(file:///C:/Users/KIIT/eclipse-workspace/RLLDBbank/src/test/java/feature/transfer.feature:11)
... Removed 6 stack frames]]>
    </failure>
  </testcase> <!-- runScenario -->
  <testcase classname="io.cucumber.testng.AbstractTestNGCucumberTests" name="runScenario" time="33.383">
    <skipped/>
  </testcase> <!-- runScenario -->
  <testcase classname="io.cucumber.testng.AbstractTestNGCucumberTests" name="runScenario" time="30.04">
    <skipped/>
  </testcase> <!-- runScenario -->
  <testcase classname="io.cucumber.testng.AbstractTestNGCucumberTests" name="runScenario" time="26.557">
    <skipped/>
  </testcase> <!-- runScenario -->
  <testcase classname="io.cucumber.testng.AbstractTestNGCucumberTests" name="runScenario" time="27.229">
    <failure type="java.lang.AssertionError" message="expected [View Savings Accounts] but found [Internal Transfer]">
      <![CDATA[java.lang.AssertionError: expected [View Savings Accounts] but found [Internal Transfer]
at stepdef.TranferPage.amount_succesfully_transfer(TranferPage.java:68)
at ✽.amount succesfully transfer(file:///C:/Users/KIIT/eclipse-workspace/RLLDBbank/src/test/java/feature/transfer.feature:11)
... Removed 6 stack frames]]>
    </failure>
  </testcase> <!-- runScenario -->
  <testcase classname="io.cucumber.testng.AbstractTestNGCucumberTests" name="runScenario" time="27.27">
    <skipped/>
  </testcase> <!-- runScenario -->
  <testcase classname="io.cucumber.testng.AbstractTestNGCucumberTests" name="runScenario" time="25.152">
    <skipped/>
  </testcase> <!-- runScenario -->
  <testcase classname="io.cucumber.testng.AbstractTestNGCucumberTests" name="runScenario" time="35.019">
    <skipped/>
  </testcase> <!-- runScenario -->
  <testcase classname="io.cucumber.testng.AbstractTestNGCucumberTests" name="runScenario" time="30.281">
    <failure type="java.lang.AssertionError" message="expected [View Savings Accounts] but found [Internal Transfer]">
      <![CDATA[java.lang.AssertionError: expected [View Savings Accounts] but found [Internal Transfer]
at stepdef.TranferPage.amount_succesfully_transfer(TranferPage.java:68)
at ✽.amount succesfully transfer(file:///C:/Users/KIIT/eclipse-workspace/RLLDBbank/src/test/java/feature/transfer.feature:11)
... Removed 6 stack frames]]>
    </failure>
  </testcase> <!-- runScenario -->
  <testcase classname="io.cucumber.testng.AbstractTestNGCucumberTests" name="runScenario" time="24.652">
    <skipped/>
  </testcase> <!-- runScenario -->
  <testcase classname="io.cucumber.testng.AbstractTestNGCucumberTests" name="runScenario" time="29.33">
    <skipped/>
  </testcase> <!-- runScenario -->
  <testcase classname="io.cucumber.testng.AbstractTestNGCucumberTests" name="runScenario" time="25.844">
    <skipped/>
  </testcase> <!-- runScenario -->
  <testcase classname="io.cucumber.testng.AbstractTestNGCucumberTests" name="runScenario" time="31.382">
    <failure type="java.lang.AssertionError" message="expected [View Savings Accounts] but found [Internal Transfer]">
      <![CDATA[java.lang.AssertionError: expected [View Savings Accounts] but found [Internal Transfer]
at stepdef.TranferPage.amount_succesfully_transfer(TranferPage.java:68)
at ✽.amount succesfully transfer(file:///C:/Users/KIIT/eclipse-workspace/RLLDBbank/src/test/java/feature/transfer.feature:11)
... Removed 6 stack frames]]>
    </failure>
  </testcase> <!-- runScenario -->
</testsuite> <!-- DBbank -->
